<?xml version="1.0" encoding="UTF-8"?>
<!-- Generated by org.testng.reporters.JUnitReportReporter -->
<testsuite hostname="LAPTOP-ER1I82SI" failures="0" tests="5" name="testsuites.TestNewOpp" time="3.279" errors="0" timestamp="2023-07-04T14:05:15 IST" skipped="0">
  <testcase classname="testsuites.TestNewOpp" name="excelread" time="0.694"/>
  <testcase classname="testsuites.TestNewOpp" name="excelread" time="0.780"/>
  <testcase classname="testsuites.TestNewOpp" name="excelread" time="0.698"/>
  <testcase classname="testsuites.TestNewOpp" name="excelread" time="0.735"/>
  <testcase classname="testsuites.TestNewOpp" name="excelread" time="0.372"/>
</testsuite> <!-- testsuites.TestNewOpp -->
