<?xml version="1.0" encoding="UTF-8"?>
<!-- Generated by org.testng.reporters.JUnitReportReporter -->
<testsuite hostname="LAPTOP-ER1I82SI" failures="0" tests="1" name="base.BaseHooks" time="0.006" errors="0" timestamp="2023-07-04T12:28:57 IST" skipped="0">
  <testcase classname="base.BaseHooks" name="loadpropertyfile" time="0.006"/>
</testsuite> <!-- base.BaseHooks -->
